#-----------------------------------------------------------
# Vivado v2025.1 (64-bit)
# SW Build 6140274 on Thu May 22 00:12:29 MDT 2025
# IP Build 6138677 on Thu May 22 03:10:11 MDT 2025
# SharedData Build 6139179 on Tue May 20 17:58:58 MDT 2025
# Start of session at: Sat Jun 27 03:54:43 2026
# Process ID         : 45164
# Current directory  : C:/Users/sgzmd/Desktop/Project
# Command line       : vivado.exe -gui_launcher_event rodinguilauncherevent54584 C:\Users\sgzmd\Desktop\Project\Project.xpr
# Log file           : C:/Users/sgzmd/Desktop/Project/vivado.log
# Journal file       : C:/Users/sgzmd/Desktop/Project\vivado.jou
# Running On         : MOSS550W
# Platform           : Windows Server 2016 or Windows 10
# Operating System   : 26200
# Processor Detail   : Intel(R) Core(TM) i9-14900HX
# CPU Frequency      : 2419 MHz
# CPU Physical cores : 24
# CPU Logical cores  : 32
# Host memory        : 34070 MB
# Swap memory        : 9663 MB
# Total Virtual      : 43733 MB
# Available Virtual  : 4141 MB
#-----------------------------------------------------------
start_gui
WARNING: [Board 49-26] cannot add Board Part xilinx.com:zcu208ld:part0:2.0 available at D:/FPGA/2025.1/data/xhub/boards\XilinxBoardStore\boards\Xilinx\zcu208ld\production\2.0\board.xml as part xczu58dr-fsvg1517-2-i specified in board_part file is either invalid or not available
WARNING: [Board 49-26] cannot add Board Part xilinx.com:zcu216ld:part0:2.0 available at D:/FPGA/2025.1/data/xhub/boards\XilinxBoardStore\boards\Xilinx\zcu216ld\production\2.0\board.xml as part xczu59dr-ffvf1760-2-i specified in board_part file is either invalid or not available
WARNING: [Board 49-26] cannot add Board Part xilinx.com:zcu670ld:part0:1.0 available at D:/FPGA/2025.1/data/xhub/boards\XilinxBoardStore\boards\Xilinx\zcu670ld\1.0\board.xml as part xczu57dr-fsve1156-2-i specified in board_part file is either invalid or not available
open_project C:/Users/sgzmd/Desktop/Project/Project.xpr
INFO: [Project 1-313] Project file moved from 'D:/FPGAProject/TASK/Project' since last save.
Scanning sources...
Finished scanning sources
WARNING: [Board 49-26] cannot add Board Part xilinx.com:zcu208ld:part0:2.0 available at D:/FPGA/2025.1/data/xhub/boards\XilinxBoardStore\boards\Xilinx\zcu208ld\production\2.0\board.xml as part xczu58dr-fsvg1517-2-i specified in board_part file is either invalid or not available
WARNING: [Board 49-26] cannot add Board Part xilinx.com:zcu216ld:part0:2.0 available at D:/FPGA/2025.1/data/xhub/boards\XilinxBoardStore\boards\Xilinx\zcu216ld\production\2.0\board.xml as part xczu59dr-ffvf1760-2-i specified in board_part file is either invalid or not available
WARNING: [Board 49-26] cannot add Board Part xilinx.com:zcu670ld:part0:1.0 available at D:/FPGA/2025.1/data/xhub/boards\XilinxBoardStore\boards\Xilinx\zcu670ld\1.0\board.xml as part xczu57dr-fsve1156-2-i specified in board_part file is either invalid or not available
WARNING: [Project 1-5713] Board part '' set for the project  is not found. BoardPart property will be unset. Please select board from latest repo build 
INFO: [IP_Flow 19-234] Refreshing IP repositories
INFO: [IP_Flow 19-1704] No user IP repositories specified
INFO: [IP_Flow 19-2313] Loaded Vivado IP repository 'D:/FPGA/2025.1/Vivado/data/ip'.
WARNING: [IP_Flow 19-2162] IP 'xadc_wiz_0' is locked:
* IP definition 'XADC Wizard (3.3)' for IP 'xadc_wiz_0' (customized with software release 2022.2) has a different revision in the IP Catalog.
WARNING: [IP_Flow 19-2162] IP 'clk_wiz_0' is locked:
* IP definition 'Clocking Wizard (6.0)' for IP 'clk_wiz_0' (customized with software release 2022.2) has a different revision in the IP Catalog.
WARNING: [IP_Flow 19-2162] IP 'blk_mem_gen_0' is locked:
* IP definition 'Block Memory Generator (8.4)' for IP 'blk_mem_gen_0' (customized with software release 2022.2) has a different revision in the IP Catalog.
WARNING: [IP_Flow 19-2162] IP 'blk_mem_gen_sin' is locked:
* IP definition 'Block Memory Generator (8.4)' for IP 'blk_mem_gen_sin' (customized with software release 2022.2) has a different revision in the IP Catalog.
WARNING: [IP_Flow 19-2162] IP 'blk_mem_gen_triangle' is locked:
* IP definition 'Block Memory Generator (8.4)' for IP 'blk_mem_gen_triangle' (customized with software release 2022.2) has a different revision in the IP Catalog.
INFO: [Project 1-230] Project 'Project.xpr' upgraded for this version of Vivado.
open_project: Time (s): cpu = 00:00:08 ; elapsed = 00:00:06 . Memory (MB): peak = 1842.137 ; gain = 93.598
update_compile_order -fileset sources_1
reset_run synth_1
INFO: [Project 1-1161] Replacing file C:/Users/sgzmd/Desktop/Project/Project.srcs/utils_1/imports/synth_1/Top_Project.dcp with file C:/Users/sgzmd/Desktop/Project/Project.runs/synth_1/Top_Project.dcp
reset_run blk_mem_gen_sin_synth_1
launch_runs impl_1 -to_step write_bitstream -jobs 16
WARNING: [Project 1-577] IP run blk_mem_gen_sin_synth_1 is available but is out of date. Since the IP is locked, the synthesis checkpoint cannot be updated. The out-of-date checkpoint will be used and it may result in incorrect behavior.
Please select 'Report IP Status' from the 'Tools/Report' menu or run the Tcl command 'report_ip_status' for more information.
WARNING: [Runs 36-337] The following IPs are either missing output products or output products are not up-to-date for Synthesis target. Since these IPs are locked, no update to the output products can be done. 
Please select 'Report IP Status' from the 'Tools/Report' menu or run Tcl command 'report_ip_status' for more information.
C:/Users/sgzmd/Desktop/Project/Project.srcs/sources_1/ip/blk_mem_gen_sin/blk_mem_gen_sin.xci

WARNING: [Project 1-576] IP 'C:/Users/sgzmd/Desktop/Project/Project.srcs/sources_1/ip/blk_mem_gen_sin/blk_mem_gen_sin.xci' in run blk_mem_gen_sin_synth_1 is locked, no out-of-context (OOC) run will be launched. The run may not be able to complete.
Please select 'Report IP Status' from 'Tools/Report' or run the Tcl command 'report_ip_status' for more information.
[Sat Jun 27 03:55:23 2026] Launched blk_mem_gen_sin_synth_1, synth_1...
Run output will be captured here:
blk_mem_gen_sin_synth_1: C:/Users/sgzmd/Desktop/Project/Project.runs/blk_mem_gen_sin_synth_1/runme.log
synth_1: C:/Users/sgzmd/Desktop/Project/Project.runs/synth_1/runme.log
[Sat Jun 27 03:55:23 2026] Launched impl_1...
Run output will be captured here: C:/Users/sgzmd/Desktop/Project/Project.runs/impl_1/runme.log
report_ip_status -name ip_status 
upgrade_ip -vlnv xilinx.com:ip:xadc_wiz:3.3 [get_ips  xadc_wiz_0] -log ip_upgrade.log
Upgrading 'xadc_wiz_0'
INFO: [Device 21-403] Loading part xc7a35tcsg324-1
INFO: [IP_Flow 19-3422] Upgraded xadc_wiz_0 (XADC Wizard 3.3) from revision 8 to revision 12
INFO: [IP_Flow 19-1686] Generating 'Instantiation Template' target for IP 'xadc_wiz_0'...
INFO: [Coretcl 2-1525] Wrote upgrade log to 'C:/Users/sgzmd/Desktop/Project/ip_upgrade.log'.
export_ip_user_files -of_objects [get_ips xadc_wiz_0] -no_script -sync -force -quiet
generate_target all [get_files  C:/Users/sgzmd/Desktop/Project/Project.srcs/sources_1/ip/xadc_wiz_0/xadc_wiz_0.xci]
INFO: [IP_Flow 19-1686] Generating 'Synthesis' target for IP 'xadc_wiz_0'...
INFO: [IP_Flow 19-1686] Generating 'Simulation' target for IP 'xadc_wiz_0'...
INFO: [IP_Flow 19-1686] Generating 'Miscellaneous' target for IP 'xadc_wiz_0'...
INFO: [IP_Flow 19-1686] Generating 'Change Log' target for IP 'xadc_wiz_0'...
catch { config_ip_cache -export [get_ips -all xadc_wiz_0] }
export_ip_user_files -of_objects [get_files C:/Users/sgzmd/Desktop/Project/Project.srcs/sources_1/ip/xadc_wiz_0/xadc_wiz_0.xci] -no_script -sync -force -quiet
create_ip_run [get_files -of_objects [get_fileset sources_1] C:/Users/sgzmd/Desktop/Project/Project.srcs/sources_1/ip/xadc_wiz_0/xadc_wiz_0.xci]
launch_runs xadc_wiz_0_synth_1 -jobs 16
[Sat Jun 27 03:56:03 2026] Launched xadc_wiz_0_synth_1...
Run output will be captured here: C:/Users/sgzmd/Desktop/Project/Project.runs/xadc_wiz_0_synth_1/runme.log
export_simulation -lib_map_path [list {modelsim=C:/Users/sgzmd/Desktop/Project/Project.cache/compile_simlib/modelsim} {questa=C:/Users/sgzmd/Desktop/Project/Project.cache/compile_simlib/questa} {riviera=C:/Users/sgzmd/Desktop/Project/Project.cache/compile_simlib/riviera} {activehdl=C:/Users/sgzmd/Desktop/Project/Project.cache/compile_simlib/activehdl}] -of_objects [get_files C:/Users/sgzmd/Desktop/Project/Project.srcs/sources_1/ip/xadc_wiz_0/xadc_wiz_0.xci] -directory C:/Users/sgzmd/Desktop/Project/Project.ip_user_files/sim_scripts -ip_user_files_dir C:/Users/sgzmd/Desktop/Project/Project.ip_user_files -ipstatic_source_dir C:/Users/sgzmd/Desktop/Project/Project.ip_user_files/ipstatic -use_ip_compiled_libs -force -quiet
upgrade_ip -srcset clk_wiz_0 -vlnv xilinx.com:ip:clk_wiz:6.0 [get_ips  clk_wiz_0] -log ip_upgrade.log
Upgrading 'clk_wiz_0'
WARNING: [Vivado 12-1017] Problems encountered:
1. Failed to delete one or more files in run directory C:/Users/sgzmd/Desktop/Project/Project.runs/clk_wiz_0_synth_1

INFO: [Project 1-386] Moving file 'C:/Users/sgzmd/Desktop/Project/Project.srcs/sources_1/ip/clk_wiz_0/clk_wiz_0.xci' from fileset 'clk_wiz_0' to fileset 'sources_1'.
INFO: [IP_Flow 19-3422] Upgraded clk_wiz_0 (Clocking Wizard 6.0) from revision 11 to revision 16
INFO: [IP_Flow 19-1686] Generating 'Instantiation Template' target for IP 'clk_wiz_0'...
INFO: [Coretcl 2-1525] Wrote upgrade log to 'C:/Users/sgzmd/Desktop/Project/ip_upgrade.log'.
export_ip_user_files -of_objects [get_ips clk_wiz_0] -no_script -sync -force -quiet
update_compile_order -fileset sources_1
reset_run synth_1
launch_runs impl_1 -to_step write_bitstream -jobs 16
INFO: [IP_Flow 19-1686] Generating 'Synthesis' target for IP 'clk_wiz_0'...
INFO: [IP_Flow 19-1686] Generating 'Implementation' target for IP 'clk_wiz_0'...
[Sat Jun 27 03:56:26 2026] Launched clk_wiz_0_synth_1, synth_1...
Run output will be captured here:
clk_wiz_0_synth_1: C:/Users/sgzmd/Desktop/Project/Project.runs/clk_wiz_0_synth_1/runme.log
synth_1: C:/Users/sgzmd/Desktop/Project/Project.runs/synth_1/runme.log
[Sat Jun 27 03:56:26 2026] Launched impl_1...
Run output will be captured here: C:/Users/sgzmd/Desktop/Project/Project.runs/impl_1/runme.log
open_hw_manager
connect_hw_server -allow_non_jtag
INFO: [Labtools 27-2285] Connecting to hw_server url TCP:localhost:3121
INFO: [Labtools 27-3415] Connecting to cs_server url TCP:localhost:0
INFO: [Labtools 27-3417] Launching cs_server...
INFO: [Labtools 27-2221] Launch Output:


******** Xilinx cs_server v2025.1.0
  ****** Build date   : May 14 2025-03:15:27
    **** Build number : 2025.1.1747163727
      ** Copyright 2017-2022 Xilinx, Inc. All Rights Reserved.
      ** Copyright 2022-2026 Advanced Micro Devices, Inc. All Rights Reserved.



open_hw_target
INFO: [Labtoolstcl 44-466] Opening hw_target localhost:3121/xilinx_tcf/Xilinx/1234-tulA
set_property PROGRAM.FILE {C:/Users/sgzmd/Desktop/Project/Project.runs/impl_1/Top_Project.bit} [get_hw_devices xc7a35t_0]
current_hw_device [get_hw_devices xc7a35t_0]
refresh_hw_device -update_hw_probes false [lindex [get_hw_devices xc7a35t_0] 0]
INFO: [Labtools 27-1434] Device xc7a35t (JTAG device index = 0) is programmed with a design that has no supported debug core(s) in it.
set_property PROBES.FILE {} [get_hw_devices xc7a35t_0]
set_property FULL_PROBES.FILE {} [get_hw_devices xc7a35t_0]
set_property PROGRAM.FILE {C:/Users/sgzmd/Desktop/Project/Project.runs/impl_1/Top_Project.bit} [get_hw_devices xc7a35t_0]
program_hw_devices [get_hw_devices xc7a35t_0]
INFO: [Labtools 27-3164] End of startup status: HIGH
refresh_hw_device [lindex [get_hw_devices xc7a35t_0] 0]
INFO: [Labtools 27-1434] Device xc7a35t (JTAG device index = 0) is programmed with a design that has no supported debug core(s) in it.
set_property PROBES.FILE {} [get_hw_devices xc7a35t_0]
set_property FULL_PROBES.FILE {} [get_hw_devices xc7a35t_0]
set_property PROGRAM.FILE {C:/Users/sgzmd/Desktop/Project/Project.runs/impl_1/Top_Project.bit} [get_hw_devices xc7a35t_0]
program_hw_devices [get_hw_devices xc7a35t_0]
INFO: [Labtools 27-3164] End of startup status: HIGH
refresh_hw_device [lindex [get_hw_devices xc7a35t_0] 0]
INFO: [Labtools 27-1434] Device xc7a35t (JTAG device index = 0) is programmed with a design that has no supported debug core(s) in it.
