#-----------------------------------------------------------
# Vivado v2022.2 (64-bit)
# SW Build 3671981 on Fri Oct 14 05:00:03 MDT 2022
# IP Build 3669848 on Fri Oct 14 08:30:02 MDT 2022
# Start of session at: Wed Jun 24 19:53:19 2026
# Process ID: 32368
# Current directory: D:/FPGAProject/TASK/Project
# Command line: vivado.exe -gui_launcher_event rodinguilauncherevent32208 D:\FPGAProject\TASK\Project\Project.xpr
# Log file: D:/FPGAProject/TASK/Project/vivado.log
# Journal file: D:/FPGAProject/TASK/Project\vivado.jou
# Running On: siyunyumo, OS: Windows, CPU Frequency: 2419 MHz, CPU Physical cores: 24, Host memory: 34070 MB
#-----------------------------------------------------------
start_gui
open_project D:/FPGAProject/TASK/Project/Project.xpr
WARNING: [Board 49-26] cannot add Board Part xilinx.com:vek280_es:part0:1.0 available at D:/Software/FPGA/Vivado/2022.2/data/xhub/boards/XilinxBoardStore/boards/Xilinx/vek280/es/1.0/board.xml as part xcve2802-vsvh1760-2lp-e-s-es1 specified in board_part file is either invalid or not available
WARNING: [Board 49-26] cannot add Board Part xilinx.com:vhk158_es:part0:1.0 available at D:/Software/FPGA/Vivado/2022.2/data/xhub/boards/XilinxBoardStore/boards/Xilinx/vhk158/es/1.0/board.xml as part xcvh1582-vsva3697-2mp-e-s-es1 specified in board_part file is either invalid or not available
WARNING: [Board 49-26] cannot add Board Part xilinx.com:vpk120_es:part0:1.2 available at D:/Software/FPGA/Vivado/2022.2/data/xhub/boards/XilinxBoardStore/boards/Xilinx/vpk120/es/1.2/board.xml as part xcvp1202-vsva2785-2mp-e-s-es1 specified in board_part file is either invalid or not available
WARNING: [Board 49-26] cannot add Board Part xilinx.com:vpk120_es_revb:part0:1.0 available at D:/Software/FPGA/Vivado/2022.2/data/xhub/boards/XilinxBoardStore/boards/Xilinx/vpk120_revb/es/1.0/board.xml as part xcvp1202-vsva2785-2mp-e-s-es1 specified in board_part file is either invalid or not available
WARNING: [Board 49-26] cannot add Board Part xilinx.com:vpk180_es:part0:1.0 available at D:/Software/FPGA/Vivado/2022.2/data/xhub/boards/XilinxBoardStore/boards/Xilinx/vpk180/es/1.0/board.xml as part xcvp1802-lsvc4072-2mp-e-s-es1 specified in board_part file is either invalid or not available
WARNING: [Board 49-26] cannot add Board Part xilinx.com:zcu208ld:part0:2.0 available at D:/Software/FPGA/Vivado/2022.2/data/xhub/boards/XilinxBoardStore/boards/Xilinx/zcu208ld/production/2.0/board.xml as part xczu58dr-fsvg1517-2-i specified in board_part file is either invalid or not available
WARNING: [Board 49-26] cannot add Board Part xilinx.com:zcu216ld:part0:2.0 available at D:/Software/FPGA/Vivado/2022.2/data/xhub/boards/XilinxBoardStore/boards/Xilinx/zcu216ld/production/2.0/board.xml as part xczu59dr-ffvf1760-2-i specified in board_part file is either invalid or not available
WARNING: [Board 49-26] cannot add Board Part xilinx.com:zcu670:part0:2.0 available at D:/Software/FPGA/Vivado/2022.2/data/xhub/boards/XilinxBoardStore/boards/Xilinx/zcu670/2.0/board.xml as part xczu67dr-fsve1156-2-i specified in board_part file is either invalid or not available
WARNING: [Board 49-26] cannot add Board Part xilinx.com:zcu670ld:part0:1.0 available at D:/Software/FPGA/Vivado/2022.2/data/xhub/boards/XilinxBoardStore/boards/Xilinx/zcu670ld/1.0/board.xml as part xczu57dr-fsve1156-2-i specified in board_part file is either invalid or not available
Scanning sources...
Finished scanning sources
INFO: [IP_Flow 19-234] Refreshing IP repositories
INFO: [IP_Flow 19-1704] No user IP repositories specified
INFO: [IP_Flow 19-2313] Loaded Vivado IP repository 'D:/Software/FPGA/Vivado/2022.2/data/ip'.
open_project: Time (s): cpu = 00:00:15 ; elapsed = 00:00:11 . Memory (MB): peak = 2185.559 ; gain = 355.711
update_compile_order -fileset sources_1
open_hw_manager
connect_hw_server -allow_non_jtag
INFO: [Labtools 27-2285] Connecting to hw_server url TCP:localhost:3121
INFO: [Labtools 27-2222] Launching hw_server...
INFO: [Labtools 27-2221] Launch Output:

****** Xilinx hw_server v2022.2
  **** Build date : Oct 14 2022 at 05:18:10
    ** Copyright 1986-2022 Xilinx, Inc. All Rights Reserved.


INFO: [Labtools 27-3415] Connecting to cs_server url TCP:localhost:0
INFO: [Labtools 27-3417] Launching cs_server...
INFO: [Labtools 27-2221] Launch Output:


******** Xilinx cs_server v2022.2.0
  ****** Build date   : Oct 05 2022-07:25:37
    **** Build number : 2022.2.1664925937
      ** Copyright 2017-2026 Xilinx, Inc. All Rights Reserved.



connect_hw_server: Time (s): cpu = 00:00:01 ; elapsed = 00:00:08 . Memory (MB): peak = 2237.863 ; gain = 0.000
open_hw_target
INFO: [Labtoolstcl 44-466] Opening hw_target localhost:3121/xilinx_tcf/Xilinx/1234-tulA
current_hw_device [get_hw_devices xc7a35t_0]
refresh_hw_device -update_hw_probes false [lindex [get_hw_devices xc7a35t_0] 0]
INFO: [Labtools 27-1434] Device xc7a35t (JTAG device index = 0) is programmed with a design that has no supported debug core(s) in it.
launch_runs impl_1 -to_step write_bitstream -jobs 4
[Wed Jun 24 19:55:45 2026] Launched synth_1...
Run output will be captured here: D:/FPGAProject/TASK/Project/Project.runs/synth_1/runme.log
[Wed Jun 24 19:55:45 2026] Launched impl_1...
Run output will be captured here: D:/FPGAProject/TASK/Project/Project.runs/impl_1/runme.log
reset_run synth_1
launch_runs impl_1 -to_step write_bitstream -jobs 4
[Wed Jun 24 19:56:45 2026] Launched synth_1...
Run output will be captured here: D:/FPGAProject/TASK/Project/Project.runs/synth_1/runme.log
[Wed Jun 24 19:56:45 2026] Launched impl_1...
Run output will be captured here: D:/FPGAProject/TASK/Project/Project.runs/impl_1/runme.log
reset_run synth_1
launch_runs impl_1 -to_step write_bitstream -jobs 4
[Wed Jun 24 20:05:34 2026] Launched synth_1...
Run output will be captured here: D:/FPGAProject/TASK/Project/Project.runs/synth_1/runme.log
[Wed Jun 24 20:05:34 2026] Launched impl_1...
Run output will be captured here: D:/FPGAProject/TASK/Project/Project.runs/impl_1/runme.log
reset_run synth_1
launch_runs impl_1 -to_step write_bitstream -jobs 4
[Wed Jun 24 20:10:22 2026] Launched synth_1...
Run output will be captured here: D:/FPGAProject/TASK/Project/Project.runs/synth_1/runme.log
[Wed Jun 24 20:10:23 2026] Launched impl_1...
Run output will be captured here: D:/FPGAProject/TASK/Project/Project.runs/impl_1/runme.log
reset_run synth_1
launch_runs impl_1 -to_step write_bitstream -jobs 4
[Wed Jun 24 20:17:39 2026] Launched synth_1...
Run output will be captured here: D:/FPGAProject/TASK/Project/Project.runs/synth_1/runme.log
[Wed Jun 24 20:17:39 2026] Launched impl_1...
Run output will be captured here: D:/FPGAProject/TASK/Project/Project.runs/impl_1/runme.log
reset_run synth_1
launch_runs impl_1 -to_step write_bitstream -jobs 4
[Wed Jun 24 20:30:52 2026] Launched synth_1...
Run output will be captured here: D:/FPGAProject/TASK/Project/Project.runs/synth_1/runme.log
[Wed Jun 24 20:30:52 2026] Launched impl_1...
Run output will be captured here: D:/FPGAProject/TASK/Project/Project.runs/impl_1/runme.log
set_property -dict [list \
  CONFIG.RESET_PORT {resetn} \
  CONFIG.RESET_TYPE {ACTIVE_LOW} \
  CONFIG.USE_RESET {true} \
] [get_ips clk_wiz_0]
reset_run synth_1
launch_runs impl_1 -to_step write_bitstream -jobs 4
[Wed Jun 24 20:41:13 2026] Launched synth_1...
Run output will be captured here: D:/FPGAProject/TASK/Project/Project.runs/synth_1/runme.log
[Wed Jun 24 20:41:13 2026] Launched impl_1...
Run output will be captured here: D:/FPGAProject/TASK/Project/Project.runs/impl_1/runme.log
reset_run synth_1
launch_runs impl_1 -to_step write_bitstream -jobs 4
[Wed Jun 24 20:44:26 2026] Launched synth_1...
Run output will be captured here: D:/FPGAProject/TASK/Project/Project.runs/synth_1/runme.log
[Wed Jun 24 20:44:26 2026] Launched impl_1...
Run output will be captured here: D:/FPGAProject/TASK/Project/Project.runs/impl_1/runme.log
reset_run synth_1
launch_runs impl_1 -to_step write_bitstream -jobs 4
[Wed Jun 24 20:53:15 2026] Launched synth_1...
Run output will be captured here: D:/FPGAProject/TASK/Project/Project.runs/synth_1/runme.log
[Wed Jun 24 20:53:15 2026] Launched impl_1...
Run output will be captured here: D:/FPGAProject/TASK/Project/Project.runs/impl_1/runme.log
reset_run synth_1
INFO: [Project 1-1160] Copying file D:/FPGAProject/TASK/Project/Project.runs/synth_1/Top_Project.dcp to D:/FPGAProject/TASK/Project/Project.srcs/utils_1/imports/synth_1 and adding it to utils fileset
launch_runs impl_1 -to_step write_bitstream -jobs 4
[Wed Jun 24 21:06:48 2026] Launched synth_1...
Run output will be captured here: D:/FPGAProject/TASK/Project/Project.runs/synth_1/runme.log
[Wed Jun 24 21:06:48 2026] Launched impl_1...
Run output will be captured here: D:/FPGAProject/TASK/Project/Project.runs/impl_1/runme.log
INFO: [Device 21-403] Loading part xc7a35tcsg324-1
reset_target all [get_files  D:/FPGAProject/TASK/Project/Project.srcs/sources_1/ip/xadc_wiz_0/xadc_wiz_0.xci]
export_ip_user_files -of_objects  [get_files  D:/FPGAProject/TASK/Project/Project.srcs/sources_1/ip/xadc_wiz_0/xadc_wiz_0.xci] -sync -no_script -force -quiet
delete_ip_run [get_files -of_objects [get_fileset xadc_wiz_0] D:/FPGAProject/TASK/Project/Project.srcs/sources_1/ip/xadc_wiz_0/xadc_wiz_0.xci]
WARNING: [Vivado 12-1017] Problems encountered:
1. Failed to delete one or more files in run directory D:/FPGAProject/TASK/Project/Project.runs/xadc_wiz_0_synth_1

INFO: [Project 1-386] Moving file 'D:/FPGAProject/TASK/Project/Project.srcs/sources_1/ip/xadc_wiz_0/xadc_wiz_0.xci' from fileset 'xadc_wiz_0' to fileset 'sources_1'.
generate_target all [get_files  D:/FPGAProject/TASK/Project/Project.srcs/sources_1/ip/xadc_wiz_0/xadc_wiz_0.xci]
INFO: [IP_Flow 19-1686] Generating 'Instantiation Template' target for IP 'xadc_wiz_0'...
INFO: [IP_Flow 19-1686] Generating 'Synthesis' target for IP 'xadc_wiz_0'...
INFO: [IP_Flow 19-1686] Generating 'Simulation' target for IP 'xadc_wiz_0'...
INFO: [IP_Flow 19-1686] Generating 'Miscellaneous' target for IP 'xadc_wiz_0'...
INFO: [IP_Flow 19-1686] Generating 'Change Log' target for IP 'xadc_wiz_0'...
catch { config_ip_cache -export [get_ips -all xadc_wiz_0] }
INFO: [IP_Flow 19-6924] IPCACHE: Running cache check for IP inst: xadc_wiz_0
INFO: [IP_Flow 19-6922] IPCACHE: Exporting cached entry 6f27fea08430bfd8 to dir: d:/FPGAProject/TASK/Project/Project.gen/sources_1/ip/xadc_wiz_0
INFO: [IP_Flow 19-6928] IPCACHE: copied cached file d:/FPGAProject/TASK/Project/Project.cache/ip/2022.2/6/f/6f27fea08430bfd8/xadc_wiz_0.dcp to d:/FPGAProject/TASK/Project/Project.gen/sources_1/ip/xadc_wiz_0/xadc_wiz_0.dcp.
INFO: [IP_Flow 19-6926] IPCACHE: added file to list for BOM: d:/FPGAProject/TASK/Project/Project.gen/sources_1/ip/xadc_wiz_0/xadc_wiz_0.dcp
INFO: [IP_Flow 19-6928] IPCACHE: copied cached file d:/FPGAProject/TASK/Project/Project.cache/ip/2022.2/6/f/6f27fea08430bfd8/xadc_wiz_0_sim_netlist.v to d:/FPGAProject/TASK/Project/Project.gen/sources_1/ip/xadc_wiz_0/xadc_wiz_0_sim_netlist.v.
INFO: [IP_Flow 19-6926] IPCACHE: added file to list for BOM: d:/FPGAProject/TASK/Project/Project.gen/sources_1/ip/xadc_wiz_0/xadc_wiz_0_sim_netlist.v
INFO: [IP_Flow 19-6928] IPCACHE: copied cached file d:/FPGAProject/TASK/Project/Project.cache/ip/2022.2/6/f/6f27fea08430bfd8/xadc_wiz_0_sim_netlist.vhdl to d:/FPGAProject/TASK/Project/Project.gen/sources_1/ip/xadc_wiz_0/xadc_wiz_0_sim_netlist.vhdl.
INFO: [IP_Flow 19-6926] IPCACHE: added file to list for BOM: d:/FPGAProject/TASK/Project/Project.gen/sources_1/ip/xadc_wiz_0/xadc_wiz_0_sim_netlist.vhdl
INFO: [IP_Flow 19-6928] IPCACHE: copied cached file d:/FPGAProject/TASK/Project/Project.cache/ip/2022.2/6/f/6f27fea08430bfd8/xadc_wiz_0_stub.v to d:/FPGAProject/TASK/Project/Project.gen/sources_1/ip/xadc_wiz_0/xadc_wiz_0_stub.v.
INFO: [IP_Flow 19-6926] IPCACHE: added file to list for BOM: d:/FPGAProject/TASK/Project/Project.gen/sources_1/ip/xadc_wiz_0/xadc_wiz_0_stub.v
INFO: [IP_Flow 19-6928] IPCACHE: copied cached file d:/FPGAProject/TASK/Project/Project.cache/ip/2022.2/6/f/6f27fea08430bfd8/xadc_wiz_0_stub.vhdl to d:/FPGAProject/TASK/Project/Project.gen/sources_1/ip/xadc_wiz_0/xadc_wiz_0_stub.vhdl.
INFO: [IP_Flow 19-6926] IPCACHE: added file to list for BOM: d:/FPGAProject/TASK/Project/Project.gen/sources_1/ip/xadc_wiz_0/xadc_wiz_0_stub.vhdl
INFO: [IP_Flow 19-4993] Using cached IP synthesis design for IP xadc_wiz_0, cache-ID = 6f27fea08430bfd8; cache size = 0.793 MB.
export_ip_user_files -of_objects [get_files D:/FPGAProject/TASK/Project/Project.srcs/sources_1/ip/xadc_wiz_0/xadc_wiz_0.xci] -no_script -sync -force -quiet
create_ip_run [get_files -of_objects [get_fileset sources_1] D:/FPGAProject/TASK/Project/Project.srcs/sources_1/ip/xadc_wiz_0/xadc_wiz_0.xci]
INFO: [Vivado 12-3453] The given sub-design is up-to-date, no action was taken.  If a run is still desired, use the '-force' option for the file:'D:/FPGAProject/TASK/Project/Project.srcs/sources_1/ip/xadc_wiz_0/xadc_wiz_0.xci'
export_simulation -of_objects [get_files D:/FPGAProject/TASK/Project/Project.srcs/sources_1/ip/xadc_wiz_0/xadc_wiz_0.xci] -directory D:/FPGAProject/TASK/Project/Project.ip_user_files/sim_scripts -ip_user_files_dir D:/FPGAProject/TASK/Project/Project.ip_user_files -ipstatic_source_dir D:/FPGAProject/TASK/Project/Project.ip_user_files/ipstatic -lib_map_path [list {modelsim=D:/FPGAProject/TASK/Project/Project.cache/compile_simlib/modelsim} {questa=D:/FPGAProject/TASK/Project/Project.cache/compile_simlib/questa} {riviera=D:/FPGAProject/TASK/Project/Project.cache/compile_simlib/riviera} {activehdl=D:/FPGAProject/TASK/Project/Project.cache/compile_simlib/activehdl}] -use_ip_compiled_libs -force -quiet
update_compile_order -fileset sources_1
reset_run synth_1
INFO: [Project 1-1161] Replacing file D:/FPGAProject/TASK/Project/Project.srcs/utils_1/imports/synth_1/Top_Project.dcp with file D:/FPGAProject/TASK/Project/Project.runs/synth_1/Top_Project.dcp
launch_runs impl_1 -to_step write_bitstream -jobs 4
INFO: [Vivado 12-4149] The synthesis checkpoint for IP 'D:/FPGAProject/TASK/Project/Project.srcs/sources_1/ip/xadc_wiz_0/xadc_wiz_0.xci' is already up-to-date
[Wed Jun 24 21:20:19 2026] Launched synth_1...
Run output will be captured here: D:/FPGAProject/TASK/Project/Project.runs/synth_1/runme.log
[Wed Jun 24 21:20:19 2026] Launched impl_1...
Run output will be captured here: D:/FPGAProject/TASK/Project/Project.runs/impl_1/runme.log
exit
INFO: [Common 17-206] Exiting Vivado at Wed Jun 24 21:34:53 2026...
