#-----------------------------------------------------------
# Vivado v2022.2 (64-bit)
# SW Build 3671981 on Fri Oct 14 05:00:03 MDT 2022
# IP Build 3669848 on Fri Oct 14 08:30:02 MDT 2022
# Start of session at: Fri Jun 26 02:08:21 2026
# Process ID: 54252
# Current directory: D:/FPGAProject/TASK/Project
# Command line: vivado.exe -mode batch -source codex_check_synth.tcl
# Log file: D:/FPGAProject/TASK/Project/vivado.log
# Journal file: D:/FPGAProject/TASK/Project\vivado.jou
# Running On: siyunyumo, OS: Windows, CPU Frequency: 2419 MHz, CPU Physical cores: 24, Host memory: 34070 MB
#-----------------------------------------------------------
CRITICAL WARNING: [Common 17-741] No write access right to the local Tcl store at 'C'. XilinxTclStore is reverted to the installation area. If you want to use local Tcl Store, please change the access right and relaunch Vivado.
source codex_check_synth.tcl
# open_project Project.xpr
Scanning sources...
Finished scanning sources
INFO: [IP_Flow 19-234] Refreshing IP repositories
INFO: [IP_Flow 19-1704] No user IP repositories specified
INFO: [IP_Flow 19-2313] Loaded Vivado IP repository 'D:/Software/FPGA/Vivado/2022.2/data/ip'.
open_project: Time (s): cpu = 00:00:04 ; elapsed = 00:00:08 . Memory (MB): peak = 1428.246 ; gain = 155.203
# update_compile_order -fileset sources_1
# reset_run synth_1
INFO: [Project 1-1161] Replacing file D:/FPGAProject/TASK/Project/Project.srcs/utils_1/imports/synth_1/Top_Project.dcp with file D:/FPGAProject/TASK/Project/Project.runs/synth_1/Top_Project.dcp
# launch_runs synth_1 -jobs 2
[Fri Jun 26 02:08:42 2026] Launched synth_1...
Run output will be captured here: D:/FPGAProject/TASK/Project/Project.runs/synth_1/runme.log
# wait_on_run synth_1
[Fri Jun 26 02:08:42 2026] Waiting for synth_1 to finish...

*** Running vivado
    with args -log Global_Ctrl.vds -m64 -product Vivado -mode batch -messageDb vivado.pb -notrace -source Global_Ctrl.tcl

