
*** Running vivado
    with args -log Top_Project.vdi -applog -m64 -product Vivado -messageDb vivado.pb -mode batch -source Top_Project.tcl -notrace



****** Vivado v2025.1 (64-bit)
  **** SW Build 6140274 on Thu May 22 00:12:29 MDT 2025
  **** IP Build 6138677 on Thu May 22 03:10:11 MDT 2025
  **** SharedData Build 6139179 on Tue May 20 17:58:58 MDT 2025
  **** Start of session at: Sat Jun 27 11:34:16 2026
    ** Copyright 1986-2022 Xilinx, Inc. All Rights Reserved.
    ** Copyright 2022-2025 Advanced Micro Devices, Inc. All Rights Reserved.

source Top_Project.tcl -notrace
Command: link_design -top Top_Project -part xc7a35tcsg324-1
Design is defaulting to srcset: sources_1
Design is defaulting to constrset: constrs_1
INFO: [Device 21-403] Loading part xc7a35tcsg324-1
INFO: [Project 1-5699] Read binary netlist with skipMacroContent - 1
INFO: [Project 1-454] Reading design checkpoint 'c:/Users/sgzmd/Desktop/Project/Project.gen/sources_1/ip/clk_wiz_0/clk_wiz_0.dcp' for cell 'u_clk_gen'
INFO: [Project 1-454] Reading design checkpoint 'c:/Users/sgzmd/Desktop/Project/Project.gen/sources_1/ip/xadc_wiz_1/xadc_wiz_1.dcp' for cell 'u_osc_acq/u_xadc'
Netlist sorting complete. Time (s): cpu = 00:00:00 ; elapsed = 00:00:00.047 . Memory (MB): peak = 887.457 ; gain = 0.000
INFO: [Netlist 29-17] Analyzing 1955 Unisim elements for replacement
INFO: [Netlist 29-28] Unisim Transformation completed in 0 CPU seconds
INFO: [Project 1-479] Netlist was created with Vivado 2025.1
INFO: [Project 1-570] Preparing netlist for logic optimization
Parsing XDC File [c:/Users/sgzmd/Desktop/Project/Project.gen/sources_1/ip/clk_wiz_0/clk_wiz_0_board.xdc] for cell 'u_clk_gen/inst'
Finished Parsing XDC File [c:/Users/sgzmd/Desktop/Project/Project.gen/sources_1/ip/clk_wiz_0/clk_wiz_0_board.xdc] for cell 'u_clk_gen/inst'
Parsing XDC File [c:/Users/sgzmd/Desktop/Project/Project.gen/sources_1/ip/clk_wiz_0/clk_wiz_0.xdc] for cell 'u_clk_gen/inst'
INFO: [Timing 38-35] Done setting XDC timing constraints. [c:/Users/sgzmd/Desktop/Project/Project.gen/sources_1/ip/clk_wiz_0/clk_wiz_0.xdc:54]
INFO: [Timing 38-2] Deriving generated clocks [c:/Users/sgzmd/Desktop/Project/Project.gen/sources_1/ip/clk_wiz_0/clk_wiz_0.xdc:54]
Finished Parsing XDC File [c:/Users/sgzmd/Desktop/Project/Project.gen/sources_1/ip/clk_wiz_0/clk_wiz_0.xdc] for cell 'u_clk_gen/inst'
Parsing XDC File [c:/Users/sgzmd/Desktop/Project/Project.gen/sources_1/ip/xadc_wiz_1/xadc_wiz_1.xdc] for cell 'u_osc_acq/u_xadc/inst'
Finished Parsing XDC File [c:/Users/sgzmd/Desktop/Project/Project.gen/sources_1/ip/xadc_wiz_1/xadc_wiz_1.xdc] for cell 'u_osc_acq/u_xadc/inst'
Parsing XDC File [C:/Users/sgzmd/Desktop/Project/Project.srcs/constrs_1/new/all.xdc]
Finished Parsing XDC File [C:/Users/sgzmd/Desktop/Project/Project.srcs/constrs_1/new/all.xdc]
INFO: [Opt 31-138] Pushed 0 inverter(s) to 0 load pin(s).
Netlist sorting complete. Time (s): cpu = 00:00:00 ; elapsed = 00:00:00.002 . Memory (MB): peak = 1579.504 ; gain = 0.000
INFO: [Project 1-111] Unisim Transformation Summary:
No Unisim elements were transformed.

12 Infos, 0 Warnings, 0 Critical Warnings and 0 Errors encountered.
link_design completed successfully
link_design: Time (s): cpu = 00:00:06 ; elapsed = 00:00:08 . Memory (MB): peak = 1579.504 ; gain = 908.062
Command: opt_design
Attempting to get a license for feature 'Implementation' and/or device 'xc7a35t'
INFO: [Common 17-349] Got license for feature 'Implementation' and/or device 'xc7a35t'
Running DRC as a precondition to command opt_design

Starting DRC Task
INFO: [DRC 23-27] Running DRC with 2 threads
INFO: [Project 1-461] DRC finished with 0 Errors
INFO: [Project 1-462] Please refer to the DRC report (report_drc) for more information.

Time (s): cpu = 00:00:02 ; elapsed = 00:00:00.869 . Memory (MB): peak = 1579.504 ; gain = 0.000

Starting Cache Timing Information Task
INFO: [Timing 38-35] Done setting XDC timing constraints.
INFO: [Timing 38-2] Deriving generated clocks
Ending Cache Timing Information Task | Checksum: 1e32cfcd6

Time (s): cpu = 00:00:00 ; elapsed = 00:00:00.244 . Memory (MB): peak = 1606.617 ; gain = 27.113

Starting Logic Optimization Task

Phase 1 Initialization

Phase 1.1 Core Generation And Design Setup
Phase 1.1 Core Generation And Design Setup | Checksum: 1e32cfcd6

Time (s): cpu = 00:00:00 ; elapsed = 00:00:00.005 . Memory (MB): peak = 2034.316 ; gain = 0.000

Phase 1.2 Setup Constraints And Sort Netlist
Phase 1.2 Setup Constraints And Sort Netlist | Checksum: 1e32cfcd6

Time (s): cpu = 00:00:00 ; elapsed = 00:00:00.010 . Memory (MB): peak = 2034.316 ; gain = 0.000
Phase 1 Initialization | Checksum: 1e32cfcd6

Time (s): cpu = 00:00:00 ; elapsed = 00:00:00.011 . Memory (MB): peak = 2034.316 ; gain = 0.000

Phase 2 Timer Update And Timing Data Collection

Phase 2.1 Timer Update
Phase 2.1 Timer Update | Checksum: 1e32cfcd6

Time (s): cpu = 00:00:00 ; elapsed = 00:00:00.209 . Memory (MB): peak = 2034.316 ; gain = 0.000

Phase 2.2 Timing Data Collection
Phase 2.2 Timing Data Collection | Checksum: 1e32cfcd6

Time (s): cpu = 00:00:00 ; elapsed = 00:00:00.220 . Memory (MB): peak = 2034.316 ; gain = 0.000
Phase 2 Timer Update And Timing Data Collection | Checksum: 1e32cfcd6

Time (s): cpu = 00:00:00 ; elapsed = 00:00:00.221 . Memory (MB): peak = 2034.316 ; gain = 0.000

Phase 3 Retarget
INFO: [Opt 31-1851] Number of loadless carry chains removed were: 0
INFO: [Opt 31-1834] Total Chains To Be Transformed Were: 0 AND Number of Transformed insts Created are: 0
INFO: [Opt 31-1566] Pulled 22 inverters resulting in an inversion of 433 pins
INFO: [Opt 31-138] Pushed 1 inverter(s) to 1 load pin(s).
INFO: [Opt 31-49] Retargeted 0 cell(s).
Phase 3 Retarget | Checksum: 2418683fc

Time (s): cpu = 00:00:00 ; elapsed = 00:00:00.356 . Memory (MB): peak = 2034.316 ; gain = 0.000
Retarget | Checksum: 2418683fc
INFO: [Opt 31-389] Phase Retarget created 0 cells and removed 25 cells
INFO: [Opt 31-1021] In phase Retarget, 1 netlist objects are constrained preventing optimization. Please run opt_design with -debug_log to get more detail. 

Phase 4 Constant propagation
INFO: [Opt 31-138] Pushed 0 inverter(s) to 0 load pin(s).
Phase 4 Constant propagation | Checksum: 23f2d2ffa

Time (s): cpu = 00:00:01 ; elapsed = 00:00:00.420 . Memory (MB): peak = 2034.316 ; gain = 0.000
Constant propagation | Checksum: 23f2d2ffa
INFO: [Opt 31-389] Phase Constant propagation created 0 cells and removed 0 cells

Phase 5 Sweep
INFO: [Constraints 18-11670] Building netlist checker database with flags, 0x8
Done building netlist checker database: Time (s): cpu = 00:00:00 ; elapsed = 00:00:00.001 . Memory (MB): peak = 2034.316 ; gain = 0.000
INFO: [Constraints 18-11670] Building netlist checker database with flags, 0x8
Done building netlist checker database: Time (s): cpu = 00:00:00 ; elapsed = 00:00:00.001 . Memory (MB): peak = 2034.316 ; gain = 0.000
Phase 5 Sweep | Checksum: 1c753fcdb

Time (s): cpu = 00:00:01 ; elapsed = 00:00:00.499 . Memory (MB): peak = 2034.316 ; gain = 0.000
Sweep | Checksum: 1c753fcdb
INFO: [Opt 31-389] Phase Sweep created 0 cells and removed 0 cells

Phase 6 BUFG optimization
Phase 6 BUFG optimization | Checksum: 1c753fcdb

Time (s): cpu = 00:00:01 ; elapsed = 00:00:00.545 . Memory (MB): peak = 2034.316 ; gain = 0.000
BUFG optimization | Checksum: 1c753fcdb
INFO: [Opt 31-662] Phase BUFG optimization created 0 cells of which 0 are BUFGs and removed 0 cells.

Phase 7 Shift Register Optimization
INFO: [Opt 31-1064] SRL Remap converted 0 SRLs to 0 registers and converted 0 registers of register chains to 0 SRLs
Phase 7 Shift Register Optimization | Checksum: 1c753fcdb

Time (s): cpu = 00:00:01 ; elapsed = 00:00:00.553 . Memory (MB): peak = 2034.316 ; gain = 0.000
Shift Register Optimization | Checksum: 1c753fcdb
INFO: [Opt 31-389] Phase Shift Register Optimization created 0 cells and removed 0 cells

Phase 8 Post Processing Netlist
Phase 8 Post Processing Netlist | Checksum: 1c753fcdb

Time (s): cpu = 00:00:01 ; elapsed = 00:00:00.569 . Memory (MB): peak = 2034.316 ; gain = 0.000
Post Processing Netlist | Checksum: 1c753fcdb
INFO: [Opt 31-389] Phase Post Processing Netlist created 0 cells and removed 0 cells

Phase 9 Finalization

Phase 9.1 Finalizing Design Cores and Updating Shapes
Phase 9.1 Finalizing Design Cores and Updating Shapes | Checksum: 221eccb37

Time (s): cpu = 00:00:01 ; elapsed = 00:00:00.836 . Memory (MB): peak = 2034.316 ; gain = 0.000

Phase 9.2 Verifying Netlist Connectivity

Starting Connectivity Check Task

Time (s): cpu = 00:00:00 ; elapsed = 00:00:00.018 . Memory (MB): peak = 2034.316 ; gain = 0.000
Phase 9.2 Verifying Netlist Connectivity | Checksum: 221eccb37

Time (s): cpu = 00:00:01 ; elapsed = 00:00:00.856 . Memory (MB): peak = 2034.316 ; gain = 0.000
Phase 9 Finalization | Checksum: 221eccb37

Time (s): cpu = 00:00:01 ; elapsed = 00:00:00.858 . Memory (MB): peak = 2034.316 ; gain = 0.000
Opt_design Change Summary
=========================


-------------------------------------------------------------------------------------------------------------------------
|  Phase                        |  #Cells created  |  #Cells Removed  |  #Constrained objects preventing optimizations  |
-------------------------------------------------------------------------------------------------------------------------
|  Retarget                     |               0  |              25  |                                              1  |
|  Constant propagation         |               0  |               0  |                                              0  |
|  Sweep                        |               0  |               0  |                                              0  |
|  BUFG optimization            |               0  |               0  |                                              0  |
|  Shift Register Optimization  |               0  |               0  |                                              0  |
|  Post Processing Netlist      |               0  |               0  |                                              0  |
-------------------------------------------------------------------------------------------------------------------------


Ending Logic Optimization Task | Checksum: 221eccb37

Time (s): cpu = 00:00:01 ; elapsed = 00:00:00.860 . Memory (MB): peak = 2034.316 ; gain = 0.000

Starting Power Optimization Task
INFO: [Pwropt 34-132] Skipping clock gating for clocks with a period < 2.00 ns.
INFO: [Pwropt 34-9] Applying IDT optimizations ...
INFO: [Pwropt 34-10] Applying ODC optimizations ...
INFO: [Timing 38-35] Done setting XDC timing constraints.
Running Vector-less Activity Propagation...

Finished Running Vector-less Activity Propagation


Starting PowerOpt Patch Enables Task
INFO: [Pwropt 34-162] WRITE_MODE attribute of 0 BRAM(s) out of a total of 1 has been updated to save power. Run report_power_opt to get a complete listing of the BRAMs updated.
INFO: [Pwropt 34-201] Structural ODC has moved 0 WE to EN ports
Number of BRAM Ports augmented: 0 newly gated: 0 Total Ports: 2
Ending PowerOpt Patch Enables Task | Checksum: 221eccb37

Time (s): cpu = 00:00:00 ; elapsed = 00:00:00.019 . Memory (MB): peak = 2113.230 ; gain = 0.000
Ending Power Optimization Task | Checksum: 221eccb37

Time (s): cpu = 00:00:02 ; elapsed = 00:00:01 . Memory (MB): peak = 2113.230 ; gain = 78.914

Starting Final Cleanup Task
Ending Final Cleanup Task | Checksum: 221eccb37

Time (s): cpu = 00:00:00 ; elapsed = 00:00:00.001 . Memory (MB): peak = 2113.230 ; gain = 0.000

Starting Netlist Obfuscation Task
Netlist sorting complete. Time (s): cpu = 00:00:00 ; elapsed = 00:00:00.002 . Memory (MB): peak = 2113.230 ; gain = 0.000
Ending Netlist Obfuscation Task | Checksum: 221eccb37

Time (s): cpu = 00:00:00 ; elapsed = 00:00:00.003 . Memory (MB): peak = 2113.230 ; gain = 0.000
INFO: [Common 17-83] Releasing license: Implementation
41 Infos, 0 Warnings, 0 Critical Warnings and 0 Errors encountered.
opt_design completed successfully
INFO: [Vivado 12-24828] Executing command : report_drc -file Top_Project_drc_opted.rpt -pb Top_Project_drc_opted.pb -rpx Top_Project_drc_opted.rpx
Command: report_drc -file Top_Project_drc_opted.rpt -pb Top_Project_drc_opted.pb -rpx Top_Project_drc_opted.rpx
INFO: [IP_Flow 19-1839] IP Catalog is up to date.
INFO: [DRC 23-27] Running DRC with 2 threads
INFO: [Vivado_Tcl 2-168] The results of DRC are in file C:/Users/sgzmd/Desktop/Project/Project.runs/impl_1/Top_Project_drc_opted.rpt.
report_drc completed successfully
INFO: [Timing 38-480] Writing timing data to binary archive.
Wrote PlaceDB: Time (s): cpu = 00:00:00 ; elapsed = 00:00:00.003 . Memory (MB): peak = 2113.230 ; gain = 0.000
Wrote PulsedLatchDB: Time (s): cpu = 00:00:00 ; elapsed = 00:00:00 . Memory (MB): peak = 2113.230 ; gain = 0.000
Writing XDEF routing.
Writing XDEF routing logical nets.
Write ShapeDB Complete: Time (s): cpu = 00:00:00 ; elapsed = 00:00:00.028 . Memory (MB): peak = 2113.230 ; gain = 0.000
Writing XDEF routing special nets.
Wrote RouteStorage: Time (s): cpu = 00:00:00 ; elapsed = 00:00:00.016 . Memory (MB): peak = 2113.230 ; gain = 0.000
Wrote Netlist Cache: Time (s): cpu = 00:00:00 ; elapsed = 00:00:00 . Memory (MB): peak = 2113.230 ; gain = 0.000
Wrote Device Cache: Time (s): cpu = 00:00:00 ; elapsed = 00:00:00.004 . Memory (MB): peak = 2113.230 ; gain = 0.000
Write Physdb Complete: Time (s): cpu = 00:00:00 ; elapsed = 00:00:00.029 . Memory (MB): peak = 2113.230 ; gain = 0.000
INFO: [Common 17-1381] The checkpoint 'C:/Users/sgzmd/Desktop/Project/Project.runs/impl_1/Top_Project_opt.dcp' has been generated.
Command: place_design
Attempting to get a license for feature 'Implementation' and/or device 'xc7a35t'
INFO: [Common 17-349] Got license for feature 'Implementation' and/or device 'xc7a35t'
INFO: [Common 17-83] Releasing license: Implementation
INFO: [DRC 23-27] Running DRC with 2 threads
INFO: [Vivado_Tcl 4-198] DRC finished with 0 Errors
INFO: [Vivado_Tcl 4-199] Please refer to the DRC report (report_drc) for more information.
Running DRC as a precondition to command place_design
INFO: [DRC 23-27] Running DRC with 2 threads
INFO: [Vivado_Tcl 4-198] DRC finished with 0 Errors, 11 Warnings
INFO: [Vivado_Tcl 4-199] Please refer to the DRC report (report_drc) for more information.
INFO: [Place 30-611] Multithreading enabled for place_design using a maximum of 2 CPUs

Starting Placer Task

Phase 1 Placer Initialization

Phase 1.1 Placer Initialization Netlist Sorting
Netlist sorting complete. Time (s): cpu = 00:00:00 ; elapsed = 00:00:00.002 . Memory (MB): peak = 2113.230 ; gain = 0.000
Phase 1.1 Placer Initialization Netlist Sorting | Checksum: 1a5dcd356

Time (s): cpu = 00:00:00 ; elapsed = 00:00:00.004 . Memory (MB): peak = 2113.230 ; gain = 0.000
Netlist sorting complete. Time (s): cpu = 00:00:00 ; elapsed = 00:00:00.002 . Memory (MB): peak = 2113.230 ; gain = 0.000

Phase 1.2 IO Placement/ Clock Placement/ Build Placer Device
INFO: [Timing 38-35] Done setting XDC timing constraints.
Phase 1.2 IO Placement/ Clock Placement/ Build Placer Device | Checksum: 13fa52ae4

Time (s): cpu = 00:00:00 ; elapsed = 00:00:00.549 . Memory (MB): peak = 2113.230 ; gain = 0.000

Phase 1.3 Build Placer Netlist Model
Phase 1.3 Build Placer Netlist Model | Checksum: 17e7fddef

Time (s): cpu = 00:00:02 ; elapsed = 00:00:02 . Memory (MB): peak = 2113.230 ; gain = 0.000

Phase 1.4 Constrain Clocks/Macros
Phase 1.4 Constrain Clocks/Macros | Checksum: 17e7fddef

Time (s): cpu = 00:00:02 ; elapsed = 00:00:02 . Memory (MB): peak = 2113.230 ; gain = 0.000
Phase 1 Placer Initialization | Checksum: 17e7fddef

Time (s): cpu = 00:00:02 ; elapsed = 00:00:02 . Memory (MB): peak = 2113.230 ; gain = 0.000

Phase 2 Global Placement

Phase 2.1 Floorplanning
Phase 2.1 Floorplanning | Checksum: 18594ba6b

Time (s): cpu = 00:00:03 ; elapsed = 00:00:02 . Memory (MB): peak = 2113.230 ; gain = 0.000

Phase 2.2 Update Timing before SLR Path Opt
Phase 2.2 Update Timing before SLR Path Opt | Checksum: 18d9c1c08

Time (s): cpu = 00:00:03 ; elapsed = 00:00:02 . Memory (MB): peak = 2113.230 ; gain = 0.000

Phase 2.3 Post-Processing in Floorplanning
Phase 2.3 Post-Processing in Floorplanning | Checksum: 18d9c1c08

Time (s): cpu = 00:00:03 ; elapsed = 00:00:02 . Memory (MB): peak = 2113.230 ; gain = 0.000

Phase 2.4 Global Place Phase1
Phase 2.4 Global Place Phase1 | Checksum: 26b85a9aa

Time (s): cpu = 00:00:07 ; elapsed = 00:00:05 . Memory (MB): peak = 2113.230 ; gain = 0.000

Phase 2.5 Global Place Phase2

Phase 2.5.1 UpdateTiming Before Physical Synthesis
Phase 2.5.1 UpdateTiming Before Physical Synthesis | Checksum: 1c359c3b2

Time (s): cpu = 00:00:08 ; elapsed = 00:00:05 . Memory (MB): peak = 2113.230 ; gain = 0.000

Phase 2.5.2 Physical Synthesis In Placer
INFO: [Physopt 32-1035] Found 0 LUTNM shape to break, 198 LUT instances to create LUTNM shape
INFO: [Physopt 32-1044] Break lutnm for timing: one critical 0, two critical 0, total 0, new lutff created 0
INFO: [Physopt 32-1138] End 1 Pass. Optimized 86 nets or LUTs. Breaked 0 LUT, combined 86 existing LUTs and moved 0 existing LUT
INFO: [Physopt 32-65] No nets found for high-fanout optimization.
INFO: [Physopt 32-232] Optimized 0 net. Created 0 new instance.
INFO: [Physopt 32-775] End 1 Pass. Optimized 0 net or cell. Created 0 new cell, deleted 0 existing cell and moved 0 existing cell
INFO: [Physopt 32-456] No candidate cells for DSP register optimization found in the design.
INFO: [Physopt 32-775] End 2 Pass. Optimized 0 net or cell. Created 0 new cell, deleted 0 existing cell and moved 0 existing cell
INFO: [Physopt 32-1123] No candidate cells found for Shift Register to Pipeline optimization
INFO: [Physopt 32-775] End 2 Pass. Optimized 0 net or cell. Created 0 new cell, deleted 0 existing cell and moved 0 existing cell
INFO: [Physopt 32-1401] No candidate cells found for Shift Register optimization.
INFO: [Physopt 32-677] No candidate cells for Shift Register optimization found in the design
INFO: [Physopt 32-775] End 1 Pass. Optimized 0 net or cell. Created 0 new cell, deleted 0 existing cell and moved 0 existing cell
INFO: [Physopt 32-526] No candidate cells for BRAM register optimization found in the design
INFO: [Physopt 32-775] End 1 Pass. Optimized 0 net or cell. Created 0 new cell, deleted 0 existing cell and moved 0 existing cell
INFO: [Physopt 32-846] No candidate cells for URAM register optimization found in the design
INFO: [Physopt 32-775] End 1 Pass. Optimized 0 net or cell. Created 0 new cell, deleted 0 existing cell and moved 0 existing cell
INFO: [Physopt 32-846] No candidate cells for URAM register optimization found in the design
INFO: [Physopt 32-775] End 1 Pass. Optimized 0 net or cell. Created 0 new cell, deleted 0 existing cell and moved 0 existing cell
INFO: [Physopt 32-949] No candidate nets found for dynamic/static region interface net replication
INFO: [Physopt 32-775] End 1 Pass. Optimized 0 net or cell. Created 0 new cell, deleted 0 existing cell and moved 0 existing cell
Netlist sorting complete. Time (s): cpu = 00:00:00 ; elapsed = 00:00:00.003 . Memory (MB): peak = 2113.230 ; gain = 0.000

Summary of Physical Synthesis Optimizations
============================================


-----------------------------------------------------------------------------------------------------------------------------------------------------------
|  Optimization                                     |  Added Cells  |  Removed Cells  |  Optimized Cells/Nets  |  Dont Touch  |  Iterations  |  Elapsed   |
-----------------------------------------------------------------------------------------------------------------------------------------------------------
|  LUT Combining                                    |            0  |             86  |                    86  |           0  |           1  |  00:00:00  |
|  Retime                                           |            0  |              0  |                     0  |           0  |           1  |  00:00:00  |
|  Very High Fanout                                 |            0  |              0  |                     0  |           0  |           1  |  00:00:00  |
|  DSP Register                                     |            0  |              0  |                     0  |           0  |           1  |  00:00:00  |
|  Shift Register to Pipeline                       |            0  |              0  |                     0  |           0  |           1  |  00:00:00  |
|  Shift Register                                   |            0  |              0  |                     0  |           0  |           1  |  00:00:00  |
|  BRAM Register                                    |            0  |              0  |                     0  |           0  |           1  |  00:00:00  |
|  URAM Register                                    |            0  |              0  |                     0  |           0  |           1  |  00:00:00  |
|  Dynamic/Static Region Interface Net Replication  |            0  |              0  |                     0  |           0  |           1  |  00:00:00  |
|  Total                                            |            0  |             86  |                    86  |           0  |           9  |  00:00:00  |
-----------------------------------------------------------------------------------------------------------------------------------------------------------


Phase 2.5.2 Physical Synthesis In Placer | Checksum: 20a7b6e49

Time (s): cpu = 00:00:08 ; elapsed = 00:00:05 . Memory (MB): peak = 2113.230 ; gain = 0.000
Phase 2.5 Global Place Phase2 | Checksum: 1e55cd33a

Time (s): cpu = 00:00:09 ; elapsed = 00:00:06 . Memory (MB): peak = 2113.230 ; gain = 0.000
Phase 2 Global Placement | Checksum: 1e55cd33a

Time (s): cpu = 00:00:09 ; elapsed = 00:00:06 . Memory (MB): peak = 2113.230 ; gain = 0.000

Phase 3 Detail Placement

Phase 3.1 Commit Multi Column Macros
Phase 3.1 Commit Multi Column Macros | Checksum: 21f46dbd8

Time (s): cpu = 00:00:09 ; elapsed = 00:00:06 . Memory (MB): peak = 2113.230 ; gain = 0.000

Phase 3.2 Commit Most Macros & LUTRAMs
Phase 3.2 Commit Most Macros & LUTRAMs | Checksum: 1e99832e6

Time (s): cpu = 00:00:10 ; elapsed = 00:00:06 . Memory (MB): peak = 2113.230 ; gain = 0.000

Phase 3.3 Area Swap Optimization
Phase 3.3 Area Swap Optimization | Checksum: 1abdba481

Time (s): cpu = 00:00:10 ; elapsed = 00:00:06 . Memory (MB): peak = 2113.230 ; gain = 0.000

Phase 3.4 Pipeline Register Optimization
Phase 3.4 Pipeline Register Optimization | Checksum: 1e6dfc66b

Time (s): cpu = 00:00:10 ; elapsed = 00:00:06 . Memory (MB): peak = 2113.230 ; gain = 0.000

Phase 3.5 Fast Optimization
Phase 3.5 Fast Optimization | Checksum: 25ca70de5

Time (s): cpu = 00:00:11 ; elapsed = 00:00:07 . Memory (MB): peak = 2113.230 ; gain = 0.000

Phase 3.6 Small Shape Detail Placement
Phase 3.6 Small Shape Detail Placement | Checksum: 21a3011e2

Time (s): cpu = 00:00:13 ; elapsed = 00:00:09 . Memory (MB): peak = 2113.230 ; gain = 0.000

Phase 3.7 Re-assign LUT pins
Phase 3.7 Re-assign LUT pins | Checksum: 210d7aaad

Time (s): cpu = 00:00:13 ; elapsed = 00:00:09 . Memory (MB): peak = 2113.230 ; gain = 0.000

Phase 3.8 Pipeline Register Optimization
Phase 3.8 Pipeline Register Optimization | Checksum: 1cbdb80c3

Time (s): cpu = 00:00:13 ; elapsed = 00:00:09 . Memory (MB): peak = 2113.230 ; gain = 0.000

Phase 3.9 Fast Optimization
Phase 3.9 Fast Optimization | Checksum: 2351f0e0a

Time (s): cpu = 00:00:15 ; elapsed = 00:00:10 . Memory (MB): peak = 2113.230 ; gain = 0.000
Phase 3 Detail Placement | Checksum: 2351f0e0a

Time (s): cpu = 00:00:15 ; elapsed = 00:00:10 . Memory (MB): peak = 2113.230 ; gain = 0.000

Phase 4 Post Placement Optimization and Clean-Up

Phase 4.1 Post Commit Optimization
INFO: [Timing 38-35] Done setting XDC timing constraints.

Phase 4.1.1 Post Placement Optimization
Post Placement Optimization Initialization | Checksum: 29111da42

Phase 4.1.1.1 BUFG Insertion

Starting Physical Synthesis Task

Phase 1 Physical Synthesis Initialization
INFO: [Physopt 32-721] Multithreading enabled for phys_opt_design using a maximum of 2 CPUs
INFO: [Physopt 32-619] Estimated Timing Summary | WNS=0.092 | TNS=0.000 |
Phase 1 Physical Synthesis Initialization | Checksum: 1a37565d1

Time (s): cpu = 00:00:00 ; elapsed = 00:00:00.145 . Memory (MB): peak = 2122.488 ; gain = 0.000
INFO: [Place 46-56] BUFG insertion identified 0 candidate nets. Inserted BUFG: 0, Replicated BUFG Driver: 0, Skipped due to Placement/Routing Conflicts: 0, Skipped due to Timing Degradation: 0, Skipped due to netlist editing failed: 0.
Ending Physical Synthesis Task | Checksum: 20dc678cc

Time (s): cpu = 00:00:00 ; elapsed = 00:00:00.190 . Memory (MB): peak = 2122.488 ; gain = 0.000
Phase 4.1.1.1 BUFG Insertion | Checksum: 29111da42

Time (s): cpu = 00:00:17 ; elapsed = 00:00:11 . Memory (MB): peak = 2122.488 ; gain = 9.258

Phase 4.1.1.2 Post Placement Timing Optimization
INFO: [Place 30-746] Post Placement Timing Summary WNS=0.474. For the most accurate timing information please run report_timing.
Phase 4.1.1.2 Post Placement Timing Optimization | Checksum: e72478cd

Time (s): cpu = 00:00:19 ; elapsed = 00:00:13 . Memory (MB): peak = 2122.488 ; gain = 9.258

Time (s): cpu = 00:00:19 ; elapsed = 00:00:13 . Memory (MB): peak = 2122.488 ; gain = 9.258
Phase 4.1 Post Commit Optimization | Checksum: e72478cd

Time (s): cpu = 00:00:19 ; elapsed = 00:00:13 . Memory (MB): peak = 2122.488 ; gain = 9.258

Phase 4.2 Post Placement Cleanup
Phase 4.2 Post Placement Cleanup | Checksum: e72478cd

Time (s): cpu = 00:00:19 ; elapsed = 00:00:13 . Memory (MB): peak = 2122.488 ; gain = 9.258

Phase 4.3 Placer Reporting

Phase 4.3.1 Print Estimated Congestion
INFO: [Place 30-612] Post-Placement Estimated Congestion 
 ____________________________________________________
|           | Global Congestion | Short Congestion  |
| Direction | Region Size       | Region Size       |
|___________|___________________|___________________|
|      North|                1x1|                1x1|
|___________|___________________|___________________|
|      South|                1x1|                1x1|
|___________|___________________|___________________|
|       East|                1x1|                1x1|
|___________|___________________|___________________|
|       West|                1x1|                1x1|
|___________|___________________|___________________|

Phase 4.3.1 Print Estimated Congestion | Checksum: e72478cd

Time (s): cpu = 00:00:19 ; elapsed = 00:00:13 . Memory (MB): peak = 2122.488 ; gain = 9.258
Phase 4.3 Placer Reporting | Checksum: e72478cd

Time (s): cpu = 00:00:19 ; elapsed = 00:00:13 . Memory (MB): peak = 2122.488 ; gain = 9.258

Phase 4.4 Final Placement Cleanup
Netlist sorting complete. Time (s): cpu = 00:00:00 ; elapsed = 00:00:00.003 . Memory (MB): peak = 2122.488 ; gain = 0.000

Time (s): cpu = 00:00:19 ; elapsed = 00:00:13 . Memory (MB): peak = 2122.488 ; gain = 9.258
Phase 4 Post Placement Optimization and Clean-Up | Checksum: e204ff9d

Time (s): cpu = 00:00:19 ; elapsed = 00:00:13 . Memory (MB): peak = 2122.488 ; gain = 9.258
Ending Placer Task | Checksum: ce503c1f

Time (s): cpu = 00:00:19 ; elapsed = 00:00:13 . Memory (MB): peak = 2122.488 ; gain = 9.258
84 Infos, 0 Warnings, 0 Critical Warnings and 0 Errors encountered.
place_design completed successfully
place_design: Time (s): cpu = 00:00:21 ; elapsed = 00:00:14 . Memory (MB): peak = 2122.488 ; gain = 9.258
INFO: [Vivado 12-24838] Running report commands "report_control_sets, report_io, report_utilization" in parallel.
Running report generation with 2 threads.
INFO: [Vivado 12-24828] Executing command : report_io -file Top_Project_io_placed.rpt
report_io: Time (s): cpu = 00:00:00 ; elapsed = 00:00:00.034 . Memory (MB): peak = 2122.488 ; gain = 0.000
INFO: [Vivado 12-24828] Executing command : report_control_sets -verbose -file Top_Project_control_sets_placed.rpt
report_control_sets: Time (s): cpu = 00:00:00 ; elapsed = 00:00:00.008 . Memory (MB): peak = 2122.488 ; gain = 0.000
INFO: [Vivado 12-24828] Executing command : report_utilization -file Top_Project_utilization_placed.rpt -pb Top_Project_utilization_placed.pb
INFO: [Timing 38-480] Writing timing data to binary archive.
Write ShapeDB Complete: Time (s): cpu = 00:00:00 ; elapsed = 00:00:00.028 . Memory (MB): peak = 2123.883 ; gain = 1.395
Wrote PlaceDB: Time (s): cpu = 00:00:01 ; elapsed = 00:00:00.657 . Memory (MB): peak = 2123.883 ; gain = 1.395
Wrote PulsedLatchDB: Time (s): cpu = 00:00:00 ; elapsed = 00:00:00 . Memory (MB): peak = 2123.883 ; gain = 0.000
Writing XDEF routing.
Writing XDEF routing logical nets.
Writing XDEF routing special nets.
Wrote RouteStorage: Time (s): cpu = 00:00:00 ; elapsed = 00:00:00.015 . Memory (MB): peak = 2123.883 ; gain = 0.000
Wrote Netlist Cache: Time (s): cpu = 00:00:00 ; elapsed = 00:00:00.019 . Memory (MB): peak = 2123.883 ; gain = 0.000
Wrote Device Cache: Time (s): cpu = 00:00:00 ; elapsed = 00:00:00.004 . Memory (MB): peak = 2123.883 ; gain = 0.000
Write Physdb Complete: Time (s): cpu = 00:00:01 ; elapsed = 00:00:00.715 . Memory (MB): peak = 2123.883 ; gain = 1.395
INFO: [Common 17-1381] The checkpoint 'C:/Users/sgzmd/Desktop/Project/Project.runs/impl_1/Top_Project_placed.dcp' has been generated.
Command: phys_opt_design
Attempting to get a license for feature 'Implementation' and/or device 'xc7a35t'
INFO: [Common 17-349] Got license for feature 'Implementation' and/or device 'xc7a35t'

Starting Initial Update Timing Task

Time (s): cpu = 00:00:02 ; elapsed = 00:00:00.829 . Memory (MB): peak = 2128.367 ; gain = 4.484
INFO: [Vivado_Tcl 4-2279] Estimated Timing Summary | WNS= 0.474 | TNS= 0.000 | 
INFO: [Vivado_Tcl 4-383] Design worst setup slack (WNS) is greater than or equal to 0.000 ns. All physical synthesis setup optimizations will be skipped.
INFO: [Vivado_Tcl 4-232] No setup violation found. The netlist was not modified.
INFO: [Common 17-83] Releasing license: Implementation
95 Infos, 0 Warnings, 0 Critical Warnings and 0 Errors encountered.
phys_opt_design completed successfully
INFO: [Timing 38-480] Writing timing data to binary archive.
Write ShapeDB Complete: Time (s): cpu = 00:00:00 ; elapsed = 00:00:00.029 . Memory (MB): peak = 2146.281 ; gain = 0.008
Wrote PlaceDB: Time (s): cpu = 00:00:01 ; elapsed = 00:00:00.645 . Memory (MB): peak = 2148.195 ; gain = 1.914
Wrote PulsedLatchDB: Time (s): cpu = 00:00:00 ; elapsed = 00:00:00 . Memory (MB): peak = 2148.195 ; gain = 0.000
Writing XDEF routing.
Writing XDEF routing logical nets.
Writing XDEF routing special nets.
Wrote RouteStorage: Time (s): cpu = 00:00:00 ; elapsed = 00:00:00.013 . Memory (MB): peak = 2148.195 ; gain = 0.000
Wrote Netlist Cache: Time (s): cpu = 00:00:00 ; elapsed = 00:00:00.019 . Memory (MB): peak = 2148.195 ; gain = 0.000
Wrote Device Cache: Time (s): cpu = 00:00:00 ; elapsed = 00:00:00.005 . Memory (MB): peak = 2148.195 ; gain = 0.000
Write Physdb Complete: Time (s): cpu = 00:00:01 ; elapsed = 00:00:00.701 . Memory (MB): peak = 2148.195 ; gain = 1.914
INFO: [Common 17-1381] The checkpoint 'C:/Users/sgzmd/Desktop/Project/Project.runs/impl_1/Top_Project_physopt.dcp' has been generated.
Command: route_design
Attempting to get a license for feature 'Implementation' and/or device 'xc7a35t'
INFO: [Common 17-349] Got license for feature 'Implementation' and/or device 'xc7a35t'


Starting Routing Task
INFO: [Route 35-254] Multithreading enabled for route_design using a maximum of 2 CPUs

Phase 1 Build RT Design
Checksum: PlaceDB: ae4445f ConstDB: 0 ShapeSum: 22ea9b69 RouteDB: a0815c57
Post Restoration Checksum: NetGraph: 87abc23a | NumContArr: 4dc07aab | Constraints: c2a8fa9d | Timing: c2a8fa9d
Phase 1 Build RT Design | Checksum: 25abe321f

Time (s): cpu = 00:00:14 ; elapsed = 00:00:12 . Memory (MB): peak = 2232.824 ; gain = 84.629

Phase 2 Router Initialization

Phase 2.1 Fix Topology Constraints
Phase 2.1 Fix Topology Constraints | Checksum: 25abe321f

Time (s): cpu = 00:00:14 ; elapsed = 00:00:12 . Memory (MB): peak = 2232.824 ; gain = 84.629

Phase 2.2 Pre Route Cleanup
Phase 2.2 Pre Route Cleanup | Checksum: 25abe321f

Time (s): cpu = 00:00:14 ; elapsed = 00:00:12 . Memory (MB): peak = 2232.824 ; gain = 84.629
 Number of Nodes with overlaps = 0

Phase 2.3 Update Timing
Phase 2.3 Update Timing | Checksum: 187dd1a7c

Time (s): cpu = 00:00:17 ; elapsed = 00:00:14 . Memory (MB): peak = 2275.781 ; gain = 127.586
INFO: [Route 35-416] Intermediate Timing Summary | WNS=1.439  | TNS=0.000  | WHS=-0.246 | THS=-67.683|


Phase 2.4 Soft Constraint Pins - Fast Budgeting
Phase 2.4 Soft Constraint Pins - Fast Budgeting | Checksum: 16fb82693

Time (s): cpu = 00:00:18 ; elapsed = 00:00:14 . Memory (MB): peak = 2347.988 ; gain = 199.793

Router Utilization Summary
  Global Vertical Routing Utilization    = 0 %
  Global Horizontal Routing Utilization  = 0 %
  Routable Net Status*
  *Does not include unroutable nets such as driverless and loadless.
  Run report_route_status for detailed report.
  Number of Failed Nets               = 11759
    (Failed Nets is the sum of unrouted and partially routed nets)
  Number of Unrouted Nets             = 11759
  Number of Partially Routed Nets     = 0
  Number of Node Overlaps             = 0

Phase 2 Router Initialization | Checksum: 1c4904c76

Time (s): cpu = 00:00:18 ; elapsed = 00:00:14 . Memory (MB): peak = 2347.988 ; gain = 199.793

Phase 3 Global Routing
Phase 3 Global Routing | Checksum: 1c4904c76

Time (s): cpu = 00:00:18 ; elapsed = 00:00:14 . Memory (MB): peak = 2347.988 ; gain = 199.793

Phase 4 Initial Routing

Phase 4.1 Initial Net Routing Pass
Phase 4.1 Initial Net Routing Pass | Checksum: 20e5aea2d

Time (s): cpu = 00:00:19 ; elapsed = 00:00:15 . Memory (MB): peak = 2347.988 ; gain = 199.793
Phase 4 Initial Routing | Checksum: 20e5aea2d

Time (s): cpu = 00:00:19 ; elapsed = 00:00:15 . Memory (MB): peak = 2347.988 ; gain = 199.793

Phase 5 Rip-up And Reroute

Phase 5.1 Global Iteration 0
 Number of Nodes with overlaps = 1415
 Number of Nodes with overlaps = 58
 Number of Nodes with overlaps = 13
 Number of Nodes with overlaps = 0
INFO: [Route 35-416] Intermediate Timing Summary | WNS=-0.614 | TNS=-1.135 | WHS=N/A    | THS=N/A    |

Phase 5.1 Global Iteration 0 | Checksum: 1eeb4b693

Time (s): cpu = 00:00:23 ; elapsed = 00:00:18 . Memory (MB): peak = 2350.605 ; gain = 202.410

Phase 5.2 Global Iteration 1
 Number of Nodes with overlaps = 355
 Number of Nodes with overlaps = 22
 Number of Nodes with overlaps = 3
 Number of Nodes with overlaps = 1
 Number of Nodes with overlaps = 0
INFO: [Route 35-416] Intermediate Timing Summary | WNS=-0.589 | TNS=-1.090 | WHS=N/A    | THS=N/A    |

Phase 5.2 Global Iteration 1 | Checksum: 2459cf404

Time (s): cpu = 00:00:24 ; elapsed = 00:00:19 . Memory (MB): peak = 2350.605 ; gain = 202.410
Phase 5 Rip-up And Reroute | Checksum: 2459cf404

Time (s): cpu = 00:00:24 ; elapsed = 00:00:19 . Memory (MB): peak = 2350.605 ; gain = 202.410

Phase 6 Delay and Skew Optimization

Phase 6.1 Delay CleanUp

Phase 6.1.1 Update Timing
Phase 6.1.1 Update Timing | Checksum: 2d4b2b5f9

Time (s): cpu = 00:00:25 ; elapsed = 00:00:19 . Memory (MB): peak = 2350.605 ; gain = 202.410
INFO: [Route 35-416] Intermediate Timing Summary | WNS=-0.509 | TNS=-0.930 | WHS=N/A    | THS=N/A    |

 Number of Nodes with overlaps = 0
Phase 6.1 Delay CleanUp | Checksum: 2b81bdf18

Time (s): cpu = 00:00:25 ; elapsed = 00:00:19 . Memory (MB): peak = 2350.605 ; gain = 202.410

Phase 6.2 Clock Skew Optimization
Phase 6.2 Clock Skew Optimization | Checksum: 2b81bdf18

Time (s): cpu = 00:00:25 ; elapsed = 00:00:19 . Memory (MB): peak = 2350.605 ; gain = 202.410
Phase 6 Delay and Skew Optimization | Checksum: 2b81bdf18

Time (s): cpu = 00:00:25 ; elapsed = 00:00:19 . Memory (MB): peak = 2350.605 ; gain = 202.410

Phase 7 Post Hold Fix

Phase 7.1 Hold Fix Iter
INFO: [Route 35-416] Intermediate Timing Summary | WNS=-0.399 | TNS=-0.720 | WHS=0.035  | THS=0.000  |

Phase 7.1 Hold Fix Iter | Checksum: 21f42b256

Time (s): cpu = 00:00:25 ; elapsed = 00:00:19 . Memory (MB): peak = 2350.605 ; gain = 202.410
Phase 7 Post Hold Fix | Checksum: 21f42b256

Time (s): cpu = 00:00:25 ; elapsed = 00:00:19 . Memory (MB): peak = 2350.605 ; gain = 202.410

Phase 8 Route finalize

Router Utilization Summary
  Global Vertical Routing Utilization    = 3.45236 %
  Global Horizontal Routing Utilization  = 4.2159 %
  Routable Net Status*
  *Does not include unroutable nets such as driverless and loadless.
  Run report_route_status for detailed report.
  Number of Failed Nets               = 0
    (Failed Nets is the sum of unrouted and partially routed nets)
  Number of Unrouted Nets             = 0
  Number of Partially Routed Nets     = 0
  Number of Node Overlaps             = 0


--GLOBAL Congestion:
Utilization threshold used for congestion level computation: 0.85
Congestion Report
North Dir 1x1 Area, Max Cong = 30.6306%, No Congested Regions.
South Dir 1x1 Area, Max Cong = 45.9459%, No Congested Regions.
East Dir 1x1 Area, Max Cong = 48.5294%, No Congested Regions.
West Dir 1x1 Area, Max Cong = 42.6471%, No Congested Regions.

------------------------------
Reporting congestion hotspots
------------------------------
Direction: North
----------------
Congested clusters found at Level 0
Effective congestion level: 0 Aspect Ratio: 1 Sparse Ratio: 0
Direction: South
----------------
Congested clusters found at Level 0
Effective congestion level: 0 Aspect Ratio: 1 Sparse Ratio: 0
Direction: East
----------------
Congested clusters found at Level 0
Effective congestion level: 0 Aspect Ratio: 1 Sparse Ratio: 0
Direction: West
----------------
Congested clusters found at Level 0
Effective congestion level: 0 Aspect Ratio: 1 Sparse Ratio: 0

Phase 8 Route finalize | Checksum: 21f42b256

Time (s): cpu = 00:00:25 ; elapsed = 00:00:19 . Memory (MB): peak = 2350.605 ; gain = 202.410

Phase 9 Verifying routed nets

 Verification completed successfully
Phase 9 Verifying routed nets | Checksum: 21f42b256

Time (s): cpu = 00:00:25 ; elapsed = 00:00:19 . Memory (MB): peak = 2350.605 ; gain = 202.410

Phase 10 Depositing Routes
Phase 10 Depositing Routes | Checksum: 1b967f85b

Time (s): cpu = 00:00:26 ; elapsed = 00:00:20 . Memory (MB): peak = 2350.605 ; gain = 202.410

Phase 11 Post Process Routing
Phase 11 Post Process Routing | Checksum: 1b967f85b

Time (s): cpu = 00:00:26 ; elapsed = 00:00:20 . Memory (MB): peak = 2350.605 ; gain = 202.410

Phase 12 Post Router Timing
INFO: [Route 35-57] Estimated Timing Summary | WNS=-0.399 | TNS=-0.720 | WHS=0.035  | THS=0.000  |

WARNING: [Route 35-328] Router estimated timing not met.
Resolution: For a complete and accurate timing signoff, report_timing_summary must be run after route_design. Alternatively, route_design can be run with the -timing_summary option to enable a complete timing signoff at the end of route_design.
Phase 12 Post Router Timing | Checksum: 1b967f85b

Time (s): cpu = 00:00:26 ; elapsed = 00:00:20 . Memory (MB): peak = 2350.605 ; gain = 202.410
Total Elapsed time in route_design: 20.001 secs

Phase 13 Post-Route Event Processing
Phase 13 Post-Route Event Processing | Checksum: 17a7125a4

Time (s): cpu = 00:00:26 ; elapsed = 00:00:20 . Memory (MB): peak = 2350.605 ; gain = 202.410
INFO: [Route 35-16] Router Completed Successfully
Ending Routing Task | Checksum: 17a7125a4

Time (s): cpu = 00:00:26 ; elapsed = 00:00:20 . Memory (MB): peak = 2350.605 ; gain = 202.410

Routing Is Done.
INFO: [Common 17-83] Releasing license: Implementation
107 Infos, 1 Warnings, 0 Critical Warnings and 0 Errors encountered.
route_design completed successfully
route_design: Time (s): cpu = 00:00:27 ; elapsed = 00:00:20 . Memory (MB): peak = 2350.605 ; gain = 202.410
INFO: [Vivado 12-24828] Executing command : report_drc -file Top_Project_drc_routed.rpt -pb Top_Project_drc_routed.pb -rpx Top_Project_drc_routed.rpx
Command: report_drc -file Top_Project_drc_routed.rpt -pb Top_Project_drc_routed.pb -rpx Top_Project_drc_routed.rpx
INFO: [IP_Flow 19-1839] IP Catalog is up to date.
INFO: [DRC 23-27] Running DRC with 2 threads
INFO: [Vivado_Tcl 2-168] The results of DRC are in file C:/Users/sgzmd/Desktop/Project/Project.runs/impl_1/Top_Project_drc_routed.rpt.
report_drc completed successfully
INFO: [Vivado 12-24828] Executing command : report_methodology -file Top_Project_methodology_drc_routed.rpt -pb Top_Project_methodology_drc_routed.pb -rpx Top_Project_methodology_drc_routed.rpx
Command: report_methodology -file Top_Project_methodology_drc_routed.rpt -pb Top_Project_methodology_drc_routed.pb -rpx Top_Project_methodology_drc_routed.rpx
INFO: [Timing 38-35] Done setting XDC timing constraints.
INFO: [DRC 23-133] Running Methodology with 2 threads
INFO: [Vivado_Tcl 2-1520] The results of Report Methodology are in file C:/Users/sgzmd/Desktop/Project/Project.runs/impl_1/Top_Project_methodology_drc_routed.rpt.
report_methodology completed successfully
INFO: [Vivado 12-24828] Executing command : report_timing_summary -max_paths 10 -report_unconstrained -file Top_Project_timing_summary_routed.rpt -pb Top_Project_timing_summary_routed.pb -rpx Top_Project_timing_summary_routed.rpx -warn_on_violation 
INFO: [Timing 38-35] Done setting XDC timing constraints.
INFO: [Timing 38-91] UpdateTimingParams: Speed grade: -1, Delay Type: min_max.
INFO: [Timing 38-191] Multithreading enabled for timing update using a maximum of 2 CPUs
CRITICAL WARNING: [Timing 38-282] The design failed to meet the timing requirements. Please see the timing summary report for details on the timing violations.
INFO: [Vivado 12-24838] Running report commands "report_incremental_reuse, report_route_status" in parallel.
Running report generation with 2 threads.
INFO: [Vivado 12-24828] Executing command : report_incremental_reuse -file Top_Project_incremental_reuse_routed.rpt
INFO: [Vivado_Tcl 4-1062] Incremental flow is disabled. No incremental reuse Info to report.
INFO: [Vivado 12-24828] Executing command : report_route_status -file Top_Project_route_status.rpt -pb Top_Project_route_status.pb
INFO: [Vivado 12-24828] Executing command : report_power -file Top_Project_power_routed.rpt -pb Top_Project_power_summary_routed.pb -rpx Top_Project_power_routed.rpx
Command: report_power -file Top_Project_power_routed.rpt -pb Top_Project_power_summary_routed.pb -rpx Top_Project_power_routed.rpx
Running Vector-less Activity Propagation...

Finished Running Vector-less Activity Propagation
124 Infos, 1 Warnings, 1 Critical Warnings and 0 Errors encountered.
report_power completed successfully
INFO: [Vivado 12-24828] Executing command : report_clock_utilization -file Top_Project_clock_utilization_routed.rpt
INFO: [Vivado 12-24828] Executing command : report_bus_skew -warn_on_violation -file Top_Project_bus_skew_routed.rpt -pb Top_Project_bus_skew_routed.pb -rpx Top_Project_bus_skew_routed.rpx
INFO: [Timing 38-91] UpdateTimingParams: Speed grade: -1, Delay Type: min_max.
INFO: [Timing 38-191] Multithreading enabled for timing update using a maximum of 2 CPUs
generate_parallel_reports: Time (s): cpu = 00:00:14 ; elapsed = 00:00:09 . Memory (MB): peak = 2383.816 ; gain = 33.211
INFO: [Timing 38-480] Writing timing data to binary archive.
Write ShapeDB Complete: Time (s): cpu = 00:00:00 ; elapsed = 00:00:00.026 . Memory (MB): peak = 2392.711 ; gain = 2.141
Wrote PlaceDB: Time (s): cpu = 00:00:01 ; elapsed = 00:00:00.643 . Memory (MB): peak = 2396.621 ; gain = 6.031
Wrote PulsedLatchDB: Time (s): cpu = 00:00:00 ; elapsed = 00:00:00 . Memory (MB): peak = 2396.621 ; gain = 0.000
Writing XDEF routing.
Writing XDEF routing logical nets.
Writing XDEF routing special nets.
Wrote RouteStorage: Time (s): cpu = 00:00:00 ; elapsed = 00:00:00.075 . Memory (MB): peak = 2396.621 ; gain = 0.000
Wrote Netlist Cache: Time (s): cpu = 00:00:00 ; elapsed = 00:00:00.019 . Memory (MB): peak = 2396.621 ; gain = 0.000
Wrote Device Cache: Time (s): cpu = 00:00:00 ; elapsed = 00:00:00.005 . Memory (MB): peak = 2396.621 ; gain = 0.000
Write Physdb Complete: Time (s): cpu = 00:00:01 ; elapsed = 00:00:00.753 . Memory (MB): peak = 2396.621 ; gain = 6.031
INFO: [Common 17-1381] The checkpoint 'C:/Users/sgzmd/Desktop/Project/Project.runs/impl_1/Top_Project_routed.dcp' has been generated.
INFO: [Common 17-206] Exiting Vivado at Sat Jun 27 11:35:31 2026...

*** Running vivado
    with args -log Top_Project.vdi -applog -m64 -product Vivado -messageDb vivado.pb -mode batch -source Top_Project.tcl -notrace



****** Vivado v2025.1 (64-bit)
  **** SW Build 6140274 on Thu May 22 00:12:29 MDT 2025
  **** IP Build 6138677 on Thu May 22 03:10:11 MDT 2025
  **** SharedData Build 6139179 on Tue May 20 17:58:58 MDT 2025
  **** Start of session at: Sat Jun 27 11:36:08 2026
    ** Copyright 1986-2022 Xilinx, Inc. All Rights Reserved.
    ** Copyright 2022-2025 Advanced Micro Devices, Inc. All Rights Reserved.

source Top_Project.tcl -notrace
Command: open_checkpoint Top_Project_routed.dcp
INFO: [Device 21-403] Loading part xc7a35tcsg324-1
Netlist sorting complete. Time (s): cpu = 00:00:00 ; elapsed = 00:00:00.041 . Memory (MB): peak = 865.867 ; gain = 0.000
INFO: [Netlist 29-17] Analyzing 1955 Unisim elements for replacement
INFO: [Netlist 29-28] Unisim Transformation completed in 0 CPU seconds
INFO: [Project 1-479] Netlist was created with Vivado 2025.1
INFO: [Project 1-570] Preparing netlist for logic optimization
Read ShapeDB Complete: Time (s): cpu = 00:00:00 ; elapsed = 00:00:00.031 . Memory (MB): peak = 975.730 ; gain = 4.891
INFO: [Timing 38-478] Restoring timing data from binary archive.
INFO: [Timing 38-479] Binary timing data restore complete.
INFO: [Project 1-856] Restoring constraints from binary archive.
INFO: [Project 1-853] Binary constraint restore complete.
INFO: [Designutils 20-5722] Start Reading Physical Databases.
Reading placement.
Read Netlist Cache: Time (s): cpu = 00:00:00 ; elapsed = 00:00:00.014 . Memory (MB): peak = 1563.832 ; gain = 0.000
Reading placer database...
Read Device Cache: Time (s): cpu = 00:00:00 ; elapsed = 00:00:00.006 . Memory (MB): peak = 1563.832 ; gain = 0.000
Read PlaceDB: Time (s): cpu = 00:00:00 ; elapsed = 00:00:00.394 . Memory (MB): peak = 1572.840 ; gain = 9.008
Read PulsedLatchDB: Time (s): cpu = 00:00:00 ; elapsed = 00:00:00 . Memory (MB): peak = 1572.840 ; gain = 0.000
Reading routing.
Read RouteStorage: Time (s): cpu = 00:00:00 ; elapsed = 00:00:00.102 . Memory (MB): peak = 1580.715 ; gain = 7.875
Read Physdb Files: Time (s): cpu = 00:00:00 ; elapsed = 00:00:00.543 . Memory (MB): peak = 1580.715 ; gain = 16.883
Restored from archive | CPU: 0.000000 secs | Memory: 0.000000 MB |
Finished XDEF File Restore: Time (s): cpu = 00:00:00 ; elapsed = 00:00:00.570 . Memory (MB): peak = 1580.715 ; gain = 16.883
Netlist sorting complete. Time (s): cpu = 00:00:00 ; elapsed = 00:00:00.003 . Memory (MB): peak = 1580.715 ; gain = 0.000
INFO: [Project 1-111] Unisim Transformation Summary:
No Unisim elements were transformed.

INFO: [Project 1-604] Checkpoint was created with Vivado v2025.1 (64-bit) build 6140274
WARNING: [Vivado 12-23575] Critical violations of the methodology design rules detected. Critical violations may contribute to timing failures or cause functional issues in hardware. Run report_methodology for more information.
open_checkpoint: Time (s): cpu = 00:00:11 ; elapsed = 00:00:13 . Memory (MB): peak = 1585.312 ; gain = 1133.527
Command: write_bitstream -force Top_Project.bit
Attempting to get a license for feature 'Implementation' and/or device 'xc7a35t'
INFO: [Common 17-349] Got license for feature 'Implementation' and/or device 'xc7a35t'
Running DRC as a precondition to command write_bitstream
INFO: [IP_Flow 19-234] Refreshing IP repositories
INFO: [IP_Flow 19-1704] No user IP repositories specified
INFO: [IP_Flow 19-2313] Loaded Vivado IP repository 'D:/FPGA/2025.1/Vivado/data/ip'.
INFO: [DRC 23-27] Running DRC with 2 threads
INFO: [Vivado 12-3199] DRC finished with 0 Errors
INFO: [Vivado 12-3200] Please refer to the DRC report (report_drc) for more information.
INFO: [Designutils 20-2272] Running write_bitstream with 2 threads.
Loading data files...
Loading site data...
Loading route data...
Processing options...
Creating bitmap...
Creating bitstream...
Writing bitstream ./Top_Project.bit...
INFO: [Vivado 12-1842] Bitgen Completed Successfully.
INFO: [Project 1-1876] WebTalk data collection is mandatory when using a ULT device. To see the specific WebTalk data collected for your design, open the usage_statistics_webtalk.html or usage_statistics_webtalk.xml file in the implementation directory.
INFO: [Common 17-83] Releasing license: Implementation
23 Infos, 1 Warnings, 0 Critical Warnings and 0 Errors encountered.
write_bitstream completed successfully
write_bitstream: Time (s): cpu = 00:00:15 ; elapsed = 00:00:10 . Memory (MB): peak = 2174.324 ; gain = 589.012
INFO: [Common 17-206] Exiting Vivado at Sat Jun 27 11:36:37 2026...
